<?xml version="1.0" encoding="UTF-8"?>
<!-- Generated by org.testng.reporters.JUnitXMLReporter -->
<testsuite hostname="Shashanks-MBP" ignored="5" name="Default test" tests="1" failures="0" timestamp="07 Mar 2021 06:10:43 GMT" time="11.253" errors="0">
  <testcase name="selectProductTest" time="3.297" classname="com.qa.opencart.tests.AccountsPageTest"/>
  <testcase name="accPageSectionsTest" time="0.0" classname="com.qa.opencart.tests.AccountsPageTest">
    <ignored/>
  </testcase> <!-- accPageSectionsTest -->
  <testcase name="accPageLogoTest" time="0.0" classname="com.qa.opencart.tests.AccountsPageTest">
    <ignored/>
  </testcase> <!-- accPageLogoTest -->
  <testcase name="accPageTitleTest" time="0.0" classname="com.qa.opencart.tests.AccountsPageTest">
    <ignored/>
  </testcase> <!-- accPageTitleTest -->
  <testcase name="accPageSectionsCountTest" time="0.0" classname="com.qa.opencart.tests.AccountsPageTest">
    <ignored/>
  </testcase> <!-- accPageSectionsCountTest -->
  <testcase name="searchTest" time="0.0" classname="com.qa.opencart.tests.AccountsPageTest">
    <ignored/>
  </testcase> <!-- searchTest -->
</testsuite> <!-- Default test -->
