<?xml version="1.0" encoding="UTF-8"?>
<!-- Generated by org.testng.reporters.JUnitXMLReporter -->
<testsuite hostname="Shashanks-MBP" ignored="0" name="Accounts Page Test" tests="6" failures="0" timestamp="08 Mar 2021 15:39:36 GMT" time="20.382" errors="0">
  <testcase name="accPageTitleTest" time="0.05" classname="com.qa.opencart.tests.AccountsPageTest"/>
  <testcase name="accPageLogoTest" time="0.077" classname="com.qa.opencart.tests.AccountsPageTest"/>
  <testcase name="accPageSectionsCountTest" time="0.101" classname="com.qa.opencart.tests.AccountsPageTest"/>
  <testcase name="accPageSectionsTest" time="0.096" classname="com.qa.opencart.tests.AccountsPageTest"/>
  <testcase name="searchTest" time="1.375" classname="com.qa.opencart.tests.AccountsPageTest"/>
  <testcase name="selectProductTest" time="3.584" classname="com.qa.opencart.tests.AccountsPageTest"/>
</testsuite> <!-- Accounts Page Test -->
