<?xml version="1.0" encoding="UTF-8"?>
<!-- Generated by org.testng.reporters.JUnitXMLReporter -->
<testsuite hostname="Shashanks-MBP" ignored="0" name="Login Page Test" tests="3" failures="0" timestamp="08 Mar 2021 15:39:30 GMT" time="14.1" errors="0">
  <testcase name="loginPageTitleTest" time="0.292" classname="com.qa.opencart.tests.LoginPageTest"/>
  <testcase name="forgotPwdLinkTest" time="0.253" classname="com.qa.opencart.tests.LoginPageTest"/>
  <testcase name="loginTest" time="2.91" classname="com.qa.opencart.tests.LoginPageTest"/>
</testsuite> <!-- Login Page Test -->
